{"numFailedTestSuites":1,"numFailedTests":1,"numPassedTestSuites":8,"numPassedTests":80,"numPendingTestSuites":0,"numPendingTests":0,"numRuntimeErrorTestSuites":0,"numTotalTestSuites":9,"numTotalTests":81,"snapshot":{"added":0,"didUpdate":false,"failure":false,"filesAdded":0,"filesRemoved":0,"filesUnmatched":0,"filesUpdated":0,"matched":0,"total":0,"unchecked":0,"unmatched":0,"updated":0},"startTime":1551086661296,"success":false,"testResults":[{"assertionResults":[{"failureMessages":[],"status":"passed","title":"should return ReactElement"},{"failureMessages":[],"status":"passed","title":"should return `abcdefghifklmnopqrstuvwxyz`"},{"failureMessages":[],"status":"passed","title":"should render component H1"},{"failureMessages":[],"status":"passed","title":"should render component H1"},{"failureMessages":[],"status":"passed","title":"should contains with input html element"},{"failureMessages":[],"status":"passed","title":"should render children with text"},{"failureMessages":[],"status":"passed","title":"should render children with html"},{"failureMessages":[],"status":"passed","title":"should render component H2"},{"failureMessages":[],"status":"passed","title":"should render component H2"},{"failureMessages":[],"status":"passed","title":"should contains with input html element"},{"failureMessages":[],"status":"passed","title":"should render children with text"},{"failureMessages":[],"status":"passed","title":"should render children with html"},{"failureMessages":[],"status":"passed","title":"should render component Label1"},{"failureMessages":[],"status":"passed","title":"should render component Label1"},{"failureMessages":[],"status":"passed","title":"should contains with input html element"},{"failureMessages":[],"status":"passed","title":"should render children with text"},{"failureMessages":[],"status":"passed","title":"should render children with html"},{"failureMessages":[],"status":"passed","title":"should render component Label2"},{"failureMessages":[],"status":"passed","title":"should render component Label2"},{"failureMessages":[],"status":"passed","title":"should contains with input html element"},{"failureMessages":[],"status":"passed","title":"should render children with text"},{"failureMessages":[],"status":"passed","title":"should render children with html"},{"failureMessages":[],"status":"passed","title":"should render component Label3"},{"failureMessages":[],"status":"passed","title":"should render component Label3"},{"failureMessages":[],"status":"passed","title":"should contains with input html element"},{"failureMessages":[],"status":"passed","title":"should render children with text"},{"failureMessages":[],"status":"passed","title":"should render children with html"},{"failureMessages":[],"status":"passed","title":"should render component Label4"},{"failureMessages":[],"status":"passed","title":"should render component Label4"},{"failureMessages":[],"status":"passed","title":"should contains with input html element"},{"failureMessages":[],"status":"passed","title":"should render children with text"},{"failureMessages":[],"status":"passed","title":"should render children with html"},{"failureMessages":[],"status":"passed","title":"should render component Label5"},{"failureMessages":[],"status":"passed","title":"should render component Label5"},{"failureMessages":[],"status":"passed","title":"should contains with input html element"},{"failureMessages":[],"status":"passed","title":"should render children with text"},{"failureMessages":[],"status":"passed","title":"should render children with html"},{"failureMessages":[],"status":"passed","title":"should render component Label6"},{"failureMessages":[],"status":"passed","title":"should render component Label6"},{"failureMessages":[],"status":"passed","title":"should contains with input html element"},{"failureMessages":[],"status":"passed","title":"should render children with text"},{"failureMessages":[],"status":"passed","title":"should render children with html"},{"failureMessages":[],"status":"passed","title":"should render component Info"},{"failureMessages":[],"status":"passed","title":"should render component Info"},{"failureMessages":[],"status":"passed","title":"should contains with input html element"},{"failureMessages":[],"status":"passed","title":"should render children with text"},{"failureMessages":[],"status":"passed","title":"should render children with html"},{"failureMessages":[],"status":"passed","title":"should render component Body"},{"failureMessages":[],"status":"passed","title":"should render component Body"},{"failureMessages":[],"status":"passed","title":"should contains with input html element"},{"failureMessages":[],"status":"passed","title":"should render children with text"},{"failureMessages":[],"status":"passed","title":"should render children with html"}],"endTime":1551086689552,"message":"","name":"C:\\Users\\Watsamon\\Project\\AppMan\\react-components-lib\\src\\components\\Typography\\Typography.test.js","startTime":1551086675885,"status":"passed","summary":""},{"assertionResults":[{"failureMessages":[],"status":"passed","title":"should return ReactElement"},{"failureMessages":[],"status":"passed","title":"should show correct label"},{"failureMessages":[],"status":"passed","title":"should show as chekced"},{"failureMessages":[],"status":"passed","title":"should show as unchecked"}],"endTime":1551086690846,"message":"","name":"C:\\Users\\Watsamon\\Project\\AppMan\\react-components-lib\\src\\components\\base\\Checkbox\\Checkbox.test.js","startTime":1551086690045,"status":"passed","summary":""},{"assertionResults":[{"failureMessages":[],"status":"passed","title":"should return ReactElement"},{"failureMessages":[],"status":"passed","title":"should contain placeholder label"},{"failureMessages":[],"status":"passed","title":"should be disabled when passed `disabled` props"},{"failureMessages":[],"status":"passed","title":"should call onClick function"},{"failureMessages":[],"status":"passed","title":"should not call onClick function when button is disabled"}],"endTime":1551086691818,"message":"","name":"C:\\Users\\Watsamon\\Project\\AppMan\\react-components-lib\\src\\components\\base\\Button\\Button.test.js","startTime":1551086691173,"status":"passed","summary":""},{"assertionResults":[{"failureMessages":[],"status":"passed","title":"should return ReactElement"},{"failureMessages":[],"status":"passed","title":"should show correct month"}],"endTime":1551086692080,"message":"","name":"C:\\Users\\Watsamon\\Project\\AppMan\\react-components-lib\\src\\components\\base\\DatePicker\\DatePickerHeader.test.js","startTime":1551086676292,"status":"passed","summary":""},{"assertionResults":[{"failureMessages":[],"status":"passed","title":"should return ReactElement"},{"failureMessages":[],"status":"passed","title":"no props `options`, should not have `Item`"},{"failureMessages":[],"status":"passed","title":"has `options`, should have `Item`"}],"endTime":1551086692732,"message":"","name":"C:\\Users\\Watsamon\\Project\\AppMan\\react-components-lib\\src\\components\\base\\Radio\\Radio.test.js","startTime":1551086676545,"status":"passed","summary":""},{"assertionResults":[{"failureMessages":[],"status":"passed","title":"pass `backspace` should return `true`"},{"failureMessages":[],"status":"passed","title":"pass `0` should return `true`"},{"failureMessages":[],"status":"passed","title":"pass `w` should return `true`"},{"failureMessages":[],"status":"passed","title":"should return ReactElement"},{"failureMessages":[],"status":"passed","title":"should able to change"},{"failureMessages":[],"status":"passed","title":"should call `onChange`"},{"failureMessages":["Error: \u001b[2mexpect(\u001b[22m\u001b[31mobject\u001b[39m\u001b[2m).toHaveProperty(\u001b[22m\u001b[32mpath\u001b[39m, \u001b[32mvalue\u001b[39m\u001b[2m)\u001b[22m\n\nExpected the object:\n  \u001b[31m[Function proxy]\u001b[39m\nTo have a nested property:\n  \u001b[32m\"callCount\"\u001b[39m\nWith a value of:\n  \u001b[32m0\u001b[39m\n\n    at Object.<anonymous> (C:\\Users\\Watsamon\\Project\\AppMan\\react-components-lib\\src\\components\\base\\TextInput\\TextInput.test.js:55:28)\n    at Object.asyncFn (C:\\Users\\Watsamon\\Project\\AppMan\\react-components-lib\\node_modules\\jest-jasmine2\\build\\jasmine-async.js:68:30)\n    at resolve (C:\\Users\\Watsamon\\Project\\AppMan\\react-components-lib\\node_modules\\jest-jasmine2\\build\\queueRunner.js:38:12)\n    at new Promise (<anonymous>)\n    at mapper (C:\\Users\\Watsamon\\Project\\AppMan\\react-components-lib\\node_modules\\jest-jasmine2\\build\\queueRunner.js:31:21)\n    at Promise.resolve.then.el (C:\\Users\\Watsamon\\Project\\AppMan\\react-components-lib\\node_modules\\p-map\\index.js:46:16)\n    at process._tickCallback (internal/process/next_tick.js:68:7)"],"status":"failed","title":"with disabled, should not call `onChange`"}],"endTime":1551086692814,"message":"\u001b[1m\u001b[31m  \u001b[1m● \u001b[1mInput › onChange › with disabled, should not call `onChange`\u001b[39m\u001b[22m\n\n    \u001b[2mexpect(\u001b[22m\u001b[31mobject\u001b[39m\u001b[2m).toHaveProperty(\u001b[22m\u001b[32mpath\u001b[39m, \u001b[32mvalue\u001b[39m\u001b[2m)\u001b[22m\n    \n    Expected the object:\n      \u001b[31m[Function proxy]\u001b[39m\n    To have a nested property:\n      \u001b[32m\"callCount\"\u001b[39m\n    With a value of:\n      \u001b[32m0\u001b[39m\n\u001b[2m      \n      \n      \u001b[2mat Object.<anonymous> (\u001b[2m\u001b[0m\u001b[36msrc/components/base/TextInput/TextInput.test.js\u001b[39m\u001b[0m\u001b[2m:55:28)\u001b[2m\n          at new Promise (<anonymous>)\n      \u001b[2mat Promise.resolve.then.el (\u001b[2m\u001b[0m\u001b[36mnode_modules/p-map/index.js\u001b[39m\u001b[0m\u001b[2m:46:16)\u001b[2m\n      \u001b[2mat process._tickCallback (\u001b[2m\u001b[0m\u001b[36minternal/process/next_tick.js\u001b[39m\u001b[0m\u001b[2m:68:7)\u001b[2m\u001b[22m\n","name":"C:\\Users\\Watsamon\\Project\\AppMan\\react-components-lib\\src\\components\\base\\TextInput\\TextInput.test.js","startTime":1551086676132,"status":"failed","summary":""},{"assertionResults":[{"failureMessages":[],"status":"passed","title":"pass `emptyString` should return `bottomLabel.error.requiredMessage`"},{"failureMessages":[],"status":"passed","title":"pass `test` with `error` should return `bottomLabel.error.errorMessage`"},{"failureMessages":[],"status":"passed","title":"should return ReactElement"}],"endTime":1551086693758,"message":"","name":"C:\\Users\\Watsamon\\Project\\AppMan\\react-components-lib\\src\\components\\base\\withLabel\\withLabel.test.js","startTime":1551086675886,"status":"passed","summary":""},{"assertionResults":[{"failureMessages":[],"status":"passed","title":"should return ReactElement"},{"failureMessages":[],"status":"passed","title":"should return correct initial state"},{"failureMessages":[],"status":"passed","title":"should show calendar when click"},{"failureMessages":[],"status":"passed","title":"should return correct date"}],"endTime":1551086694284,"message":"","name":"C:\\Users\\Watsamon\\Project\\AppMan\\react-components-lib\\src\\components\\base\\DatePicker\\DatePicker.test.js","startTime":1551086676032,"status":"passed","summary":""},{"assertionResults":[{"failureMessages":[],"status":"passed","title":"should return ReactElement"}],"endTime":1551086694319,"message":"","name":"C:\\Users\\Watsamon\\Project\\AppMan\\react-components-lib\\src\\components\\base\\Dropdown\\Dropdown.test.js","startTime":1551086676177,"status":"passed","summary":""}],"wasInterrupted":false}