{"numFailedTestSuites":0,"numFailedTests":0,"numPassedTestSuites":1,"numPassedTests":52,"numPendingTestSuites":0,"numPendingTests":0,"numRuntimeErrorTestSuites":0,"numTotalTestSuites":1,"numTotalTests":52,"snapshot":{"added":0,"didUpdate":false,"failure":false,"filesAdded":0,"filesRemoved":0,"filesUnmatched":0,"filesUpdated":0,"matched":0,"total":0,"unchecked":0,"unmatched":0,"updated":0},"startTime":1550672511448,"success":true,"testResults":[{"assertionResults":[{"failureMessages":[],"status":"passed","title":"should return ReactElement"},{"failureMessages":[],"status":"passed","title":"should return `abcdefghifklmnopqrstuvwxyz`"},{"failureMessages":[],"status":"passed","title":"should render component H1"},{"failureMessages":[],"status":"passed","title":"should render component H1"},{"failureMessages":[],"status":"passed","title":"should contains with input html element"},{"failureMessages":[],"status":"passed","title":"should render children with text"},{"failureMessages":[],"status":"passed","title":"should render children with html"},{"failureMessages":[],"status":"passed","title":"should render component H2"},{"failureMessages":[],"status":"passed","title":"should render component H2"},{"failureMessages":[],"status":"passed","title":"should contains with input html element"},{"failureMessages":[],"status":"passed","title":"should render children with text"},{"failureMessages":[],"status":"passed","title":"should render children with html"},{"failureMessages":[],"status":"passed","title":"should render component Label1"},{"failureMessages":[],"status":"passed","title":"should render component Label1"},{"failureMessages":[],"status":"passed","title":"should contains with input html element"},{"failureMessages":[],"status":"passed","title":"should render children with text"},{"failureMessages":[],"status":"passed","title":"should render children with html"},{"failureMessages":[],"status":"passed","title":"should render component Label2"},{"failureMessages":[],"status":"passed","title":"should render component Label2"},{"failureMessages":[],"status":"passed","title":"should contains with input html element"},{"failureMessages":[],"status":"passed","title":"should render children with text"},{"failureMessages":[],"status":"passed","title":"should render children with html"},{"failureMessages":[],"status":"passed","title":"should render component Label3"},{"failureMessages":[],"status":"passed","title":"should render component Label3"},{"failureMessages":[],"status":"passed","title":"should contains with input html element"},{"failureMessages":[],"status":"passed","title":"should render children with text"},{"failureMessages":[],"status":"passed","title":"should render children with html"},{"failureMessages":[],"status":"passed","title":"should render component Label4"},{"failureMessages":[],"status":"passed","title":"should render component Label4"},{"failureMessages":[],"status":"passed","title":"should contains with input html element"},{"failureMessages":[],"status":"passed","title":"should render children with text"},{"failureMessages":[],"status":"passed","title":"should render children with html"},{"failureMessages":[],"status":"passed","title":"should render component Label5"},{"failureMessages":[],"status":"passed","title":"should render component Label5"},{"failureMessages":[],"status":"passed","title":"should contains with input html element"},{"failureMessages":[],"status":"passed","title":"should render children with text"},{"failureMessages":[],"status":"passed","title":"should render children with html"},{"failureMessages":[],"status":"passed","title":"should render component Label6"},{"failureMessages":[],"status":"passed","title":"should render component Label6"},{"failureMessages":[],"status":"passed","title":"should contains with input html element"},{"failureMessages":[],"status":"passed","title":"should render children with text"},{"failureMessages":[],"status":"passed","title":"should render children with html"},{"failureMessages":[],"status":"passed","title":"should render component Info"},{"failureMessages":[],"status":"passed","title":"should render component Info"},{"failureMessages":[],"status":"passed","title":"should contains with input html element"},{"failureMessages":[],"status":"passed","title":"should render children with text"},{"failureMessages":[],"status":"passed","title":"should render children with html"},{"failureMessages":[],"status":"passed","title":"should render component Body"},{"failureMessages":[],"status":"passed","title":"should render component Body"},{"failureMessages":[],"status":"passed","title":"should contains with input html element"},{"failureMessages":[],"status":"passed","title":"should render children with text"},{"failureMessages":[],"status":"passed","title":"should render children with html"}],"endTime":1550672519753,"message":"","name":"C:\\Users\\Watsamon\\Project\\AppMan\\react-components-lib\\src\\components\\Typography\\Typography.test.js","startTime":1550672516391,"status":"passed","summary":""}],"wasInterrupted":false}